Arguments: 
  /home/zhengyh/.nvm/versions/node/v14.13.0/bin/node /home/zhengyh/.nvm/versions/node/v14.13.0/bin/yarn

PATH: 
  /home/zhengyh/.nvm/versions/node/v14.13.0/bin:/opt/gradle/bin:/usr/local/sbin:/usr/local/bin:/usr/sbin:/usr/bin:/sbin:/bin:/usr/games:/usr/local/games:/snap/bin:/opt/jdk-8/bin:/opt/maven/bin:/usr/local/go/bin:/opt/jdk-8/bin:/opt/maven/bin:/opt/jdk-8/bin:/opt/maven/bin:/home/zhengyh/Android/Sdk/tools:/home/zhengyh/Android/Sdk/tools/bin:/home/zhengyh/Android/Sdk/platform-tools:/home/zhengyh/Android/Sdk/emulator:/opt/jdk-8/bin:/opt/maven/bin:/home/zhengyh/Android/Sdk/tools:/home/zhengyh/Android/Sdk/tools/bin:/home/zhengyh/Android/Sdk/platform-tools:/home/zhengyh/Android/Sdk/emulator

Yarn version: 
  1.22.10

Node version: 
  14.13.0

Platform: 
  linux x64

Trace: 
  Error: https://registry.npm.taobao.org/babel-plugin-transform-es2015-modules-systemjs: tunneling socket could not be established, cause=getaddrinfo ENOTFOUND http
      at ClientRequest.onError (/home/zhengyh/.nvm/versions/node/v14.13.0/lib/node_modules/yarn/lib/cli.js:152235:17)
      at Object.onceWrapper (events.js:421:26)
      at ClientRequest.emit (events.js:314:20)
      at Socket.socketErrorListener (_http_client.js:469:9)
      at Socket.emit (events.js:314:20)
      at emitErrorNT (internal/streams/destroy.js:106:8)
      at emitErrorCloseNT (internal/streams/destroy.js:74:3)
      at processTicksAndRejections (internal/process/task_queues.js:80:21)

npm manifest: 
  {
    "name": "piechart-panel",
    "private": true,
    "version": "1.0.0",
    "description": "",
    "repository": {
      "type": "git",
      "url": "git+https://github.com/grafana/piechart-panel.git"
    },
    "author": "",
    "license": "ISC",
    "devDependencies": {
      "grunt": "^0.4.5",
      "babel": "^6.5.1",
      "grunt-babel": "^6.0.0",
      "grunt-contrib-copy": "^0.8.2",
      "grunt-contrib-watch": "^0.6.1",
      "grunt-contrib-uglify": "^0.11.0",
      "grunt-systemjs-builder": "^0.2.5",
      "load-grunt-tasks": "^3.2.0",
      "grunt-execute": "^0.2.2",
      "grunt-contrib-clean": "0.6.0"
    },
    "dependencies": {
      "babel-plugin-transform-es2015-modules-systemjs": "^6.5.0",
      "babel-plugin-transform-es2015-for-of": "^6.5.0",
      "babel-preset-es2015": "^6.5.0",
      "lodash": "^4.0.0"
    }
  }

yarn manifest: 
  No manifest

Lockfile: 
  No lockfile
